<?xml version="1.0" encoding="UTF-8"?>
<!-- Generated by org.testng.reporters.JUnitReportReporter -->
<testsuite skipped="0" hostname="WS64-301" name="ru.yandex.tests.EmailTest" tests="2" failures="0" timestamp="2020-08-02T18:30:27 MSK" time="5.991" errors="0">
  <testcase name="sendEmail" time="3.219" classname="ru.yandex.tests.EmailTest"/>
  <system-out/>
  <testcase name="saveEmailToDratf" time="2.772" classname="ru.yandex.tests.EmailTest"/>
  <system-out/>
</testsuite> <!-- ru.yandex.tests.EmailTest -->
